d:\_projects\morse\morse\morse\debug\vc141.pdb
d:\_projects\morse\morse\morse\debug\mainform.obj
d:\_projects\morse\morse\morse\debug\.netframework,version=v4.6.1.assemblyattributes.obj
d:\_projects\morse\morse\morse\debug\.netframework,version=v4.6.1.assemblyattributes.asm
d:\_projects\morse\morse\morse\debug\morse.vcxprojresolveassemblyreference.cache
d:\_projects\morse\morse\debug\morse.pdb
d:\_projects\morse\morse\morse\debug\morse.tlog\cl.command.1.tlog
d:\_projects\morse\morse\morse\debug\morse.tlog\cl.read.1.tlog
d:\_projects\morse\morse\morse\debug\morse.tlog\cl.write.1.tlog
d:\_projects\morse\morse\morse\debug\morse.tlog\link.2988-cvtres.read.1.tlog
d:\_projects\morse\morse\morse\debug\morse.tlog\link.2988-cvtres.write.1.tlog
d:\_projects\morse\morse\morse\debug\morse.tlog\link.2988-rc.read.1.tlog
d:\_projects\morse\morse\morse\debug\morse.tlog\link.2988-rc.write.1.tlog
d:\_projects\morse\morse\morse\debug\morse.tlog\link.2988.read.1.tlog
d:\_projects\morse\morse\morse\debug\morse.tlog\link.2988.write.1.tlog
d:\_projects\morse\morse\morse\debug\morse.tlog\link.command.1.tlog
d:\_projects\morse\morse\morse\debug\morse.tlog\link.read.1.tlog
d:\_projects\morse\morse\morse\debug\morse.tlog\link.write.1.tlog
d:\_projects\morse\morse\morse\debug\morse.tlog\metagen.read.1.tlog
d:\_projects\morse\morse\morse\debug\morse.tlog\metagen.write.1.tlog
d:\_projects\morse\morse\morse\debug\morse.tlog\tzres.dll.bi
